[INFO|tfgenerator.py:193] 2018-05-11 16:57:47,693 > TF Record Generator Start
[INFO|tfgenerator.py:21] 2018-05-11 16:57:47,803 >                 TF Record Summary                 
[INFO|tfgenerator.py:22] 2018-05-11 16:57:47,803 >     ID            NAME          Train    Validate 
[INFO|tfgenerator.py:24] 2018-05-11 16:57:47,803 >     1          macncheese        135        19    
[INFO|tfgenerator.py:24] 2018-05-11 16:57:47,803 >     2           popcorn           8         1     
[INFO|tfgenerator.py:24] 2018-05-11 16:57:47,803 >     5           pretzel           18        2     
[INFO|tfgenerator.py:222] 2018-05-11 16:57:48,929 > TF Record Generator End [ Total Generator time : 0 Hour 0 Minute 1 Second ]
[INFO|tfgenerator.py:167] 2018-05-11 17:08:39,963 > TF Record Generator Start
[INFO|tfgenerator.py:167] 2018-05-11 17:09:16,314 > TF Record Generator Start
[INFO|tfgenerator.py:167] 2018-05-11 17:09:40,995 > TF Record Generator Start
[INFO|tfgenerator.py:167] 2018-05-11 17:10:19,300 > TF Record Generator Start
[INFO|tfgenerator.py:167] 2018-05-11 17:11:29,442 > TF Record Generator Start
[INFO|tfgenerator.py:167] 2018-05-11 17:11:49,463 > TF Record Generator Start
[INFO|tfgenerator.py:21] 2018-05-11 17:11:49,526 >                 TF Record Summary                 
[INFO|tfgenerator.py:22] 2018-05-11 17:11:49,526 >     ID            NAME          Train    Validate 
[INFO|tfgenerator.py:24] 2018-05-11 17:11:49,526 >     1          macncheese        135        19    
[INFO|tfgenerator.py:24] 2018-05-11 17:11:49,526 >     2           popcorn           8         1     
[INFO|tfgenerator.py:24] 2018-05-11 17:11:49,526 >     5           pretzel           18        2     
[INFO|tfgenerator.py:196] 2018-05-11 17:11:50,736 > TF Record Generator End [ Total Generator time : 0 Hour 0 Minute 1 Second ]
[INFO|main.py:83] 2018-05-11 17:17:40,255 > Program start [ model : faster_rcnn_inception_v2_coco_2018_01_28, num steps : 100 ]
[INFO|main.py:24] 2018-05-11 17:17:57,631 > Transfer learning start
[INFO|main.py:39] 2018-05-11 17:18:22,062 > Transfer learning end [ Total learning time : 0 Hour 0 Minute 24 Second
[INFO|main.py:43] 2018-05-11 17:18:22,062 > Export model start
[INFO|main.py:83] 2018-05-11 17:18:43,457 > Program start [ model : faster_rcnn_inception_v2_coco_2018_01_28, num steps : 100 ]
[INFO|main.py:24] 2018-05-11 17:18:43,512 > Transfer learning start
[INFO|main.py:84] 2018-05-11 17:25:38,501 > Program start [ model : faster_rcnn_inception_v2_coco_2018_01_28, num steps : 100 ]
[INFO|main.py:24] 2018-05-11 17:25:38,521 > Transfer learning start
[ERROR|main.py:36] 2018-05-11 17:25:51,667 > Transfer leaarning Error
[INFO|main.py:75] 2018-05-11 17:35:07,459 > Program start [ model : faster_rcnn_inception_v2_coco_2018_01_28, num steps : 100 ]
[INFO|main.py:23] 2018-05-11 17:35:07,459 > Transfer learning start
[INFO|main.py:76] 2018-05-11 17:36:33,675 > Program start [ model : faster_rcnn_inception_v2_coco_2018_01_28, num steps : 10 ]
[INFO|main.py:23] 2018-05-11 17:36:33,681 > Transfer learning start
